{"C:\\Users\\Admin\\Desktop\\Visual\\Proyectos\\Ruleta\\ruleta-azar\\src\\Home.jsx": {"path":"C:\\Users\\Admin\\Desktop\\Visual\\Proyectos\\Ruleta\\ruleta-azar\\src\\Home.jsx","statementMap":{"0":{"start":{"line":5,"column":13},"end":{"line":13,"column":1}},"1":{"start":{"line":7,"column":2},"end":{"line":12,"column":3}}},"fnMap":{"0":{"name":"(anonymous_0)","decl":{"start":{"line":5,"column":13},"end":{"line":5,"column":14}},"loc":{"start":{"line":5,"column":19},"end":{"line":13,"column":1}},"line":5}},"branchMap":{},"s":{"0":0,"1":0},"f":{"0":0},"b":{}}
,"C:\\Users\\Admin\\Desktop\\Visual\\Proyectos\\Ruleta\\ruleta-azar\\src\\main.jsx": {"path":"C:\\Users\\Admin\\Desktop\\Visual\\Proyectos\\Ruleta\\ruleta-azar\\src\\main.jsx","statementMap":{"0":{"start":{"line":10,"column":15},"end":{"line":15,"column":2}},"1":{"start":{"line":17,"column":0},"end":{"line":21,"column":2}}},"fnMap":{},"branchMap":{},"s":{"0":0,"1":0},"f":{},"b":{}}
,"C:\\Users\\Admin\\Desktop\\Visual\\Proyectos\\Ruleta\\ruleta-azar\\src\\Components\\header.jsx": {"path":"C:\\Users\\Admin\\Desktop\\Visual\\Proyectos\\Ruleta\\ruleta-azar\\src\\Components\\header.jsx","statementMap":{"0":{"start":{"line":4,"column":15},"end":{"line":37,"column":1}},"1":{"start":{"line":6,"column":4},"end":{"line":36,"column":5}}},"fnMap":{"0":{"name":"(anonymous_0)","decl":{"start":{"line":4,"column":15},"end":{"line":4,"column":16}},"loc":{"start":{"line":4,"column":21},"end":{"line":37,"column":1}},"line":4}},"branchMap":{},"s":{"0":1,"1":1},"f":{"0":1},"b":{},"_coverageSchema":"1a1c01bbd47fc00a2c39e90264f33305004495a9","hash":"22843e0e7ec694ed65e02d3cb9a6c567c0d50791"}
,"C:\\Users\\Admin\\Desktop\\Visual\\Proyectos\\Ruleta\\ruleta-azar\\src\\Components\\roulette.jsx": {"path":"C:\\Users\\Admin\\Desktop\\Visual\\Proyectos\\Ruleta\\ruleta-azar\\src\\Components\\roulette.jsx","statementMap":{"0":{"start":{"line":9,"column":17},"end":{"line":144,"column":1}},"1":{"start":{"line":10,"column":36},"end":{"line":10,"column":51}},"2":{"start":{"line":11,"column":42},"end":{"line":11,"column":53}},"3":{"start":{"line":12,"column":38},"end":{"line":12,"column":50}},"4":{"start":{"line":13,"column":46},"end":{"line":13,"column":61}},"5":{"start":{"line":14,"column":38},"end":{"line":14,"column":53}},"6":{"start":{"line":18,"column":29},"end":{"line":37,"column":5}},"7":{"start":{"line":19,"column":21},"end":{"line":19,"column":42}},"8":{"start":{"line":20,"column":23},"end":{"line":20,"column":39}},"9":{"start":{"line":21,"column":8},"end":{"line":21,"column":31}},"10":{"start":{"line":23,"column":8},"end":{"line":34,"column":10}},"11":{"start":{"line":24,"column":25},"end":{"line":24,"column":56}},"12":{"start":{"line":25,"column":29},"end":{"line":25,"column":63}},"13":{"start":{"line":27,"column":30},"end":{"line":27,"column":52}},"14":{"start":{"line":28,"column":30},"end":{"line":28,"column":56}},"15":{"start":{"line":30,"column":31},"end":{"line":30,"column":81}},"16":{"start":{"line":32,"column":12},"end":{"line":32,"column":37}},"17":{"start":{"line":33,"column":12},"end":{"line":33,"column":34}},"18":{"start":{"line":36,"column":8},"end":{"line":36,"column":39}},"19":{"start":{"line":40,"column":28},"end":{"line":46,"column":5}},"20":{"start":{"line":41,"column":8},"end":{"line":45,"column":9}},"21":{"start":{"line":42,"column":35},"end":{"line":42,"column":74}},"22":{"start":{"line":43,"column":12},"end":{"line":43,"column":43}},"23":{"start":{"line":44,"column":12},"end":{"line":44,"column":30}},"24":{"start":{"line":49,"column":23},"end":{"line":54,"column":7}},"25":{"start":{"line":49,"column":54},"end":{"line":54,"column":5}},"26":{"start":{"line":57,"column":19},"end":{"line":66,"column":5}},"27":{"start":{"line":69,"column":20},"end":{"line":76,"column":5}},"28":{"start":{"line":79,"column":15},"end":{"line":84,"column":7}},"29":{"start":{"line":79,"column":50},"end":{"line":84,"column":5}},"30":{"start":{"line":86,"column":4},"end":{"line":90,"column":5}},"31":{"start":{"line":87,"column":8},"end":{"line":89,"column":11}},"32":{"start":{"line":88,"column":12},"end":{"line":88,"column":93}},"33":{"start":{"line":93,"column":23},"end":{"line":95,"column":5}},"34":{"start":{"line":94,"column":8},"end":{"line":94,"column":26}},"35":{"start":{"line":97,"column":4},"end":{"line":143,"column":5}},"36":{"start":{"line":115,"column":32},"end":{"line":115,"column":51}},"37":{"start":{"line":116,"column":57},"end":{"line":116,"column":74}},"38":{"start":{"line":117,"column":32},"end":{"line":117,"column":51}},"39":{"start":{"line":118,"column":32},"end":{"line":118,"column":96}}},"fnMap":{"0":{"name":"(anonymous_0)","decl":{"start":{"line":9,"column":17},"end":{"line":9,"column":18}},"loc":{"start":{"line":9,"column":23},"end":{"line":144,"column":1}},"line":9},"1":{"name":"(anonymous_1)","decl":{"start":{"line":18,"column":29},"end":{"line":18,"column":30}},"loc":{"start":{"line":18,"column":46},"end":{"line":37,"column":5}},"line":18},"2":{"name":"(anonymous_2)","decl":{"start":{"line":23,"column":24},"end":{"line":23,"column":25}},"loc":{"start":{"line":23,"column":37},"end":{"line":34,"column":9}},"line":23},"3":{"name":"(anonymous_3)","decl":{"start":{"line":40,"column":28},"end":{"line":40,"column":29}},"loc":{"start":{"line":40,"column":34},"end":{"line":46,"column":5}},"line":40},"4":{"name":"(anonymous_4)","decl":{"start":{"line":49,"column":46},"end":{"line":49,"column":47}},"loc":{"start":{"line":49,"column":54},"end":{"line":54,"column":5}},"line":49},"5":{"name":"(anonymous_5)","decl":{"start":{"line":79,"column":30},"end":{"line":79,"column":31}},"loc":{"start":{"line":79,"column":50},"end":{"line":84,"column":5}},"line":79},"6":{"name":"(anonymous_6)","decl":{"start":{"line":87,"column":21},"end":{"line":87,"column":22}},"loc":{"start":{"line":87,"column":31},"end":{"line":89,"column":9}},"line":87},"7":{"name":"(anonymous_7)","decl":{"start":{"line":93,"column":23},"end":{"line":93,"column":24}},"loc":{"start":{"line":93,"column":29},"end":{"line":95,"column":5}},"line":93},"8":{"name":"(anonymous_8)","decl":{"start":{"line":114,"column":44},"end":{"line":114,"column":45}},"loc":{"start":{"line":114,"column":50},"end":{"line":119,"column":29}},"line":114}},"branchMap":{"0":{"loc":{"start":{"line":41,"column":8},"end":{"line":45,"column":9}},"type":"if","locations":[{"start":{"line":41,"column":8},"end":{"line":45,"column":9}},{"start":{},"end":{}}],"line":41},"1":{"loc":{"start":{"line":86,"column":4},"end":{"line":90,"column":5}},"type":"if","locations":[{"start":{"line":86,"column":4},"end":{"line":90,"column":5}},{"start":{},"end":{}}],"line":86},"2":{"loc":{"start":{"line":103,"column":25},"end":{"line":107,"column":32}},"type":"cond-expr","locations":[{"start":{"line":104,"column":28},"end":{"line":106,"column":30}},{"start":{"line":107,"column":28},"end":{"line":107,"column":32}}],"line":103},"3":{"loc":{"start":{"line":109,"column":21},"end":{"line":121,"column":21}},"type":"binary-expr","locations":[{"start":{"line":109,"column":21},"end":{"line":109,"column":43}},{"start":{"line":110,"column":24},"end":{"line":120,"column":26}}],"line":109}},"s":{"0":0,"1":0,"2":0,"3":0,"4":0,"5":0,"6":0,"7":0,"8":0,"9":0,"10":0,"11":0,"12":0,"13":0,"14":0,"15":0,"16":0,"17":0,"18":0,"19":0,"20":0,"21":0,"22":0,"23":0,"24":0,"25":0,"26":0,"27":0,"28":0,"29":0,"30":0,"31":0,"32":0,"33":0,"34":0,"35":0,"36":0,"37":0,"38":0,"39":0},"f":{"0":0,"1":0,"2":0,"3":0,"4":0,"5":0,"6":0,"7":0,"8":0},"b":{"0":[0,0],"1":[0,0],"2":[0,0],"3":[0,0]}}
}
